[2025-04-14 23:26:01] === Script started ===
[2025-04-14 23:26:01] CSV file path: /Users/gravelbridge/Desktop/blairlab_fusion/dynamic/grid_positions.csv
[2025-04-14 23:26:01] Using output directory: /Users/gravelbridge/Desktop/blairlab_fusion/dynamic/images
[2025-04-14 23:26:01] Reading grid positions from CSV: /Users/gravelbridge/Desktop/blairlab_fusion/dynamic/grid_positions.csv
[2025-04-14 23:26:01] Successfully read 26 grid positions from CSV
[2025-04-14 23:26:01] Starting capture_views for 26 positions to /Users/gravelbridge/Desktop/blairlab_fusion/dynamic/images
[2025-04-14 23:26:01] Attempting to switch to Render workspace
[2025-04-14 23:26:01] Activating Render workspace
[2025-04-14 23:26:02] Successfully switched to Render workspace
[2025-04-14 23:26:02] Using constants: EYE_SEPARATION=1.27, EYE_HEIGHT_OFFSET=6.35, PITCH_ANGLE=15, EYE_OFFSET_ANGLE=50, VERTICAL_FOV=150
[2025-04-14 23:26:02] Processing grid position (1, 1)
[2025-04-14 23:26:02] get_maze_coordinates(1, 1) called
[2025-04-14 23:26:02] Position in cm: (20.419059999999998, 256.48920000000004, 91.63557999999999)
[2025-04-14 23:26:02] Processing direction: East (heading=0)
[2025-04-14 23:26:02] Eye positions - Left: (20.419059999999998, 257.12420000000003, 91.63557999999999), Right: (20.419059999999998, 255.85420000000005, 91.63557999999999)
[2025-04-14 23:26:02] Setting up left eye render
[2025-04-14 23:26:02] Setting up render with dimensions 1920x1920
[2025-04-14 23:26:02] Render settings configured successfully
[2025-04-14 23:26:02] Left eye target: (82.50757530148456, 330.48341116938485, 117.51748451025206)
[2025-04-14 23:26:02] Starting render to file: /Users/gravelbridge/Desktop/blairlab_fusion/dynamic/images/pos_1_1_East_left.png
[2025-04-14 23:26:45] Render initiated, waiting for completion
[2025-04-14 23:27:38] Render progress: 2.03%
[2025-04-14 23:29:16] Render progress: 5.07%
[2025-04-14 23:30:56] Render progress: 8.22%
[2025-04-14 23:32:32] Render progress: 11.23%
[2025-04-14 23:34:12] Render progress: 14.26%
[2025-04-14 23:35:58] Render progress: 17.3%
[2025-04-14 23:37:43] Render progress: 20.35%
[2025-04-14 23:39:30] Render progress: 23.42%
[2025-04-14 23:41:17] Render progress: 26.46%
[2025-04-14 23:42:59] Render progress: 29.5%
[2025-04-14 23:44:44] Render progress: 32.57%
[2025-04-14 23:46:31] Render progress: 35.62%
[2025-04-14 23:48:18] Render progress: 38.67%
[2025-04-14 23:50:03] Render progress: 41.73%
[2025-04-14 23:51:49] Render progress: 44.78%
[2025-04-14 23:53:36] Render progress: 47.85%
[2025-04-14 23:55:23] Render progress: 50.91%
[2025-04-14 23:57:11] Render progress: 53.99%
[2025-04-14 23:59:00] Render progress: 57.08%
[2025-04-15 00:00:49] Render progress: 60.16%
[2025-04-15 00:02:35] Render progress: 63.21%
[2025-04-15 00:04:21] Render progress: 66.26%
[2025-04-15 00:06:06] Render progress: 69.35%
[2025-04-15 00:07:52] Render progress: 72.42%
[2025-04-15 00:09:41] Render progress: 75.5%
[2025-04-15 00:11:30] Render progress: 78.57%
[2025-04-15 00:13:14] Render progress: 81.61%
[2025-04-15 00:14:58] Render progress: 84.63%
[2025-04-15 00:16:44] Render progress: 87.74%
[2025-04-15 00:18:32] Render progress: 90.82%
[2025-04-15 00:20:22] Render progress: 93.93%
[2025-04-15 00:22:07] Render progress: 97.03%
[2025-04-15 00:24:10] Render completed successfully
[2025-04-15 00:24:10] Setting up right eye render
[2025-04-15 00:24:10] Setting up render with dimensions 1920x1920
[2025-04-15 00:24:10] Render settings configured successfully
[2025-04-15 00:24:10] Right eye target: (82.50757530148456, 182.49498883061523, 117.51748451025206)
[2025-04-15 00:24:10] Starting render to file: /Users/gravelbridge/Desktop/blairlab_fusion/dynamic/images/pos_1_1_East_right.png
[2025-04-15 00:24:52] Render initiated, waiting for completion
[2025-04-15 00:25:43] Render progress: 2.02%
[2025-04-15 00:27:25] Render progress: 5.03%
[2025-04-15 00:29:10] Render progress: 8.17%
[2025-04-15 00:30:53] Render progress: 11.2%
[2025-04-15 00:32:37] Render progress: 14.22%
[2025-04-15 00:34:27] Render progress: 17.26%
[2025-04-15 00:36:19] Render progress: 20.33%
[2025-04-15 00:38:11] Render progress: 23.35%
[2025-04-15 00:40:06] Render progress: 26.43%
[2025-04-15 00:41:55] Render progress: 29.48%
[2025-04-15 00:43:45] Render progress: 32.53%
[2025-04-15 00:45:38] Render progress: 35.57%
[2025-04-15 00:47:31] Render progress: 38.62%
[2025-04-15 00:49:23] Render progress: 41.65%
[2025-04-15 00:51:15] Render progress: 44.72%
[2025-04-15 00:53:07] Render progress: 47.75%
[2025-04-15 00:55:00] Render progress: 50.78%
[2025-04-15 00:56:59] Render progress: 53.82%
[2025-04-15 00:58:51] Render progress: 56.91%
[2025-04-15 01:00:43] Render progress: 59.96%
[2025-04-15 01:02:36] Render progress: 63.02%
[2025-04-15 01:04:28] Render progress: 66.04%
[2025-04-15 01:06:22] Render progress: 69.07%
[2025-04-15 01:08:13] Render progress: 72.16%
[2025-04-15 01:10:08] Render progress: 75.23%
[2025-04-15 01:12:02] Render progress: 78.3%
[2025-04-15 01:13:57] Render progress: 81.36%
[2025-04-15 01:15:45] Render progress: 84.37%
[2025-04-15 01:17:35] Render progress: 87.41%
[2025-04-15 01:19:29] Render progress: 90.52%
[2025-04-15 01:21:23] Render progress: 93.6%
[2025-04-15 01:23:17] Render progress: 96.64%
[2025-04-15 01:25:08] Render progress: 99.75%
[2025-04-15 01:25:36] Render completed successfully
[2025-04-15 01:25:36] Processing direction: North (heading=90)
[2025-04-15 01:25:36] Eye positions - Left: (19.784059999999997, 256.48920000000004, 91.63557999999999), Right: (21.05406, 256.48920000000004, 91.63557999999999)
[2025-04-15 01:25:36] Setting up left eye render
[2025-04-15 01:25:36] Setting up render with dimensions 1920x1920
[2025-04-15 01:25:36] Render settings configured successfully
[2025-04-15 01:25:36] Left eye target: (-53.575151169384796, 318.5777153014846, 117.51748451025206)
[2025-04-15 01:25:36] Starting render to file: /Users/gravelbridge/Desktop/blairlab_fusion/dynamic/images/pos_1_1_North_left.png
[2025-04-15 01:26:19] Render initiated, waiting for completion
[2025-04-15 01:27:04] Render progress: 2.04%
[2025-04-15 01:28:40] Render progress: 5.13%
[2025-04-15 01:30:09] Render progress: 8.17%
[2025-04-15 01:31:41] Render progress: 11.25%
[2025-04-15 01:33:16] Render progress: 14.33%
[2025-04-15 01:34:55] Render progress: 17.41%
[2025-04-15 01:36:39] Render progress: 20.56%
[2025-04-15 01:38:21] Render progress: 23.63%
[2025-04-15 01:40:05] Render progress: 26.76%
[2025-04-15 01:41:51] Render progress: 29.81%
[2025-04-15 01:43:28] Render progress: 32.81%
[2025-04-15 01:45:09] Render progress: 35.87%
[2025-04-15 01:46:50] Render progress: 38.92%
[2025-04-15 01:48:31] Render progress: 42.06%
[2025-04-15 01:50:10] Render progress: 45.15%
[2025-04-15 01:51:50] Render progress: 48.19%
[2025-04-15 01:53:32] Render progress: 51.32%
[2025-04-15 01:55:12] Render progress: 54.37%
[2025-04-15 01:56:48] Render progress: 57.49%
[2025-04-15 01:58:25] Render progress: 60.54%
[2025-04-15 02:00:03] Render progress: 63.6%
[2025-04-15 02:01:44] Render progress: 66.71%
[2025-04-15 02:03:19] Render progress: 69.72%
[2025-04-15 02:04:58] Render progress: 72.86%
[2025-04-15 02:06:36] Render progress: 75.89%
[2025-04-15 02:08:15] Render progress: 78.95%
[2025-04-15 02:09:53] Render progress: 82.02%
[2025-04-15 02:11:27] Render progress: 85.03%
[2025-04-15 02:13:04] Render progress: 88.11%
[2025-04-15 02:14:45] Render progress: 91.25%
[2025-04-15 02:16:23] Render progress: 94.28%
[2025-04-15 02:17:59] Render progress: 97.33%
[2025-04-15 02:19:43] Render completed successfully
[2025-04-15 02:19:43] Setting up right eye render
[2025-04-15 02:19:43] Setting up render with dimensions 1920x1920
[2025-04-15 02:19:43] Render settings configured successfully
[2025-04-15 02:19:43] Right eye target: (94.41327116938481, 318.5777153014846, 117.51748451025206)
[2025-04-15 02:19:43] Starting render to file: /Users/gravelbridge/Desktop/blairlab_fusion/dynamic/images/pos_1_1_North_right.png
[2025-04-15 02:20:25] Render initiated, waiting for completion
[2025-04-15 02:21:12] Render progress: 2.02%
[2025-04-15 02:22:52] Render progress: 5.08%
[2025-04-15 02:24:28] Render progress: 8.12%
[2025-04-15 02:26:05] Render progress: 11.16%
[2025-04-15 02:27:42] Render progress: 14.18%
[2025-04-15 02:29:26] Render progress: 17.23%
[2025-04-15 02:31:11] Render progress: 20.3%
[2025-04-15 02:32:57] Render progress: 23.37%
[2025-04-15 02:34:44] Render progress: 26.42%
[2025-04-15 02:36:29] Render progress: 29.49%
[2025-04-15 02:38:12] Render progress: 32.55%
[2025-04-15 02:39:58] Render progress: 35.6%
[2025-04-15 02:41:46] Render progress: 38.68%
[2025-04-15 02:43:32] Render progress: 41.73%
[2025-04-15 02:45:16] Render progress: 44.8%
[2025-04-15 02:47:02] Render progress: 47.87%
[2025-04-15 02:48:49] Render progress: 50.95%
[2025-04-15 02:50:35] Render progress: 54.0%
[2025-04-15 02:52:23] Render progress: 57.09%
[2025-04-15 02:54:10] Render progress: 60.16%
[2025-04-15 02:55:57] Render progress: 63.27%
[2025-04-15 02:57:43] Render progress: 66.34%
[2025-04-15 02:59:29] Render progress: 69.38%
[2025-04-15 03:01:13] Render progress: 72.47%
[2025-04-15 03:02:58] Render progress: 75.54%
[2025-04-15 03:04:46] Render progress: 78.63%
[2025-04-15 03:06:35] Render progress: 81.74%
[2025-04-15 03:08:20] Render progress: 84.82%
[2025-04-15 03:10:03] Render progress: 87.86%
[2025-04-15 03:11:48] Render progress: 90.92%
[2025-04-15 03:13:36] Render progress: 94.01%
[2025-04-15 03:15:25] Render progress: 97.1%
[2025-04-15 03:17:21] Render completed successfully
[2025-04-15 03:17:21] Processing direction: West (heading=180)
[2025-04-15 03:17:21] Eye positions - Left: (20.419059999999998, 255.85420000000005, 91.63557999999999), Right: (20.419059999999998, 257.12420000000003, 91.63557999999999)
[2025-04-15 03:17:21] Setting up left eye render
[2025-04-15 03:17:21] Setting up render with dimensions 1920x1920
[2025-04-15 03:17:21] Render settings configured successfully
[2025-04-15 03:17:21] Left eye target: (-41.66945530148459, 182.49498883061523, 117.51748451025206)
[2025-04-15 03:17:21] Starting render to file: /Users/gravelbridge/Desktop/blairlab_fusion/dynamic/images/pos_1_1_West_left.png
[2025-04-15 03:18:04] Render initiated, waiting for completion
[2025-04-15 03:18:53] Render progress: 2.05%
[2025-04-15 03:20:35] Render progress: 5.14%
[2025-04-15 03:22:17] Render progress: 8.26%
[2025-04-15 03:23:57] Render progress: 11.28%
[2025-04-15 03:25:39] Render progress: 14.32%
[2025-04-15 03:27:25] Render progress: 17.36%
[2025-04-15 03:29:14] Render progress: 20.47%
[2025-04-15 03:31:04] Render progress: 23.51%
[2025-04-15 03:32:55] Render progress: 26.59%
[2025-04-15 03:34:42] Render progress: 29.65%
[2025-04-15 03:36:30] Render progress: 32.72%
[2025-04-15 03:38:19] Render progress: 35.79%
[2025-04-15 03:40:11] Render progress: 38.86%
[2025-04-15 03:41:59] Render progress: 41.93%
[2025-04-15 03:43:47] Render progress: 45.01%
[2025-04-15 03:45:38] Render progress: 48.08%
[2025-04-15 03:47:28] Render progress: 51.19%
[2025-04-15 03:49:21] Render progress: 54.24%
[2025-04-15 03:51:13] Render progress: 57.35%
[2025-04-15 03:53:01] Render progress: 60.39%
[2025-04-15 03:54:53] Render progress: 63.52%
[2025-04-15 03:56:43] Render progress: 66.59%
[2025-04-15 03:58:31] Render progress: 69.65%
[2025-04-15 04:00:19] Render progress: 72.76%
[2025-04-15 04:02:09] Render progress: 75.82%
[2025-04-15 04:04:01] Render progress: 78.94%
[2025-04-15 04:05:52] Render progress: 82.04%
[2025-04-15 04:07:39] Render progress: 85.09%
[2025-04-15 04:09:27] Render progress: 88.15%
[2025-04-15 04:11:18] Render progress: 91.29%
[2025-04-15 04:13:11] Render progress: 94.36%
[2025-04-15 04:15:01] Render progress: 97.44%
[2025-04-15 04:16:49] Render completed successfully
[2025-04-15 04:16:49] Setting up right eye render
[2025-04-15 04:16:49] Setting up render with dimensions 1920x1920
[2025-04-15 04:16:49] Render settings configured successfully
[2025-04-15 04:16:49] Right eye target: (-41.669455301484575, 330.48341116938485, 117.51748451025206)
[2025-04-15 04:16:49] Starting render to file: /Users/gravelbridge/Desktop/blairlab_fusion/dynamic/images/pos_1_1_West_right.png
[2025-04-15 04:17:31] Render initiated, waiting for completion
[2025-04-15 04:18:20] Render progress: 2.11%
[2025-04-15 04:19:50] Render progress: 5.17%
[2025-04-15 04:21:18] Render progress: 8.22%
[2025-04-15 04:22:48] Render progress: 11.27%
[2025-04-15 04:24:20] Render progress: 14.33%
[2025-04-15 04:25:58] Render progress: 17.42%
[2025-04-15 04:27:38] Render progress: 20.56%
[2025-04-15 04:29:17] Render progress: 23.63%
[2025-04-15 04:30:58] Render progress: 26.73%
[2025-04-15 04:32:35] Render progress: 29.81%
[2025-04-15 04:34:12] Render progress: 32.89%
[2025-04-15 04:35:53] Render progress: 36.02%
[2025-04-15 04:37:32] Render progress: 39.07%
[2025-04-15 04:39:10] Render progress: 42.17%
[2025-04-15 04:40:45] Render progress: 45.18%
[2025-04-15 04:42:23] Render progress: 48.23%
[2025-04-15 04:44:03] Render progress: 51.31%
[2025-04-15 04:45:40] Render progress: 54.33%
[2025-04-15 04:47:14] Render progress: 57.36%
[2025-04-15 04:48:55] Render progress: 60.42%
[2025-04-15 04:50:34] Render progress: 63.48%
[2025-04-15 04:52:13] Render progress: 66.54%
[2025-04-15 04:53:52] Render progress: 69.66%
[2025-04-15 04:55:28] Render progress: 72.69%
[2025-04-15 04:57:06] Render progress: 75.75%
[2025-04-15 04:58:46] Render progress: 78.82%
[2025-04-15 05:00:25] Render progress: 81.86%
[2025-04-15 05:02:01] Render progress: 84.95%
[2025-04-15 05:03:41] Render progress: 88.1%
[2025-04-15 05:05:19] Render progress: 91.14%
[2025-04-15 05:07:00] Render progress: 94.28%
[2025-04-15 05:08:36] Render progress: 97.3%
[2025-04-15 05:10:22] Render completed successfully
[2025-04-15 05:10:22] Processing direction: South (heading=270)
[2025-04-15 05:10:22] Eye positions - Left: (21.05406, 256.48920000000004, 91.63557999999999), Right: (19.784059999999997, 256.48920000000004, 91.63557999999999)
[2025-04-15 05:10:22] Setting up left eye render
[2025-04-15 05:10:22] Setting up render with dimensions 1920x1920
[2025-04-15 05:10:22] Render settings configured successfully
[2025-04-15 05:10:22] Left eye target: (94.41327116938479, 194.40068469851545, 117.51748451025206)
[2025-04-15 05:10:22] Starting render to file: /Users/gravelbridge/Desktop/blairlab_fusion/dynamic/images/pos_1_1_South_left.png
[2025-04-15 05:11:05] Render initiated, waiting for completion
[2025-04-15 05:11:55] Render progress: 2.02%
[2025-04-15 05:13:41] Render progress: 5.08%
[2025-04-15 05:15:26] Render progress: 8.2%
[2025-04-15 05:17:08] Render progress: 11.22%
[2025-04-15 05:18:53] Render progress: 14.26%
[2025-04-15 05:20:42] Render progress: 17.29%
[2025-04-15 05:22:33] Render progress: 20.36%
[2025-04-15 05:24:26] Render progress: 23.4%
[2025-04-15 05:26:19] Render progress: 26.46%
[2025-04-15 05:28:09] Render progress: 29.51%
[2025-04-15 05:30:00] Render progress: 32.57%
[2025-04-15 05:31:55] Render progress: 35.63%
[2025-04-15 05:33:49] Render progress: 38.67%
[2025-04-15 05:35:40] Render progress: 41.72%
[2025-04-15 05:37:29] Render progress: 44.79%
[2025-04-15 05:39:21] Render progress: 47.84%
[2025-04-15 05:41:15] Render progress: 50.91%
[2025-04-15 05:43:11] Render progress: 53.94%
[2025-04-15 05:45:00] Render progress: 56.98%
[2025-04-15 05:46:53] Render progress: 60.08%
[2025-04-15 05:48:46] Render progress: 63.12%
[2025-04-15 05:50:40] Render progress: 66.2%
[2025-04-15 05:52:32] Render progress: 69.23%
[2025-04-15 05:54:20] Render progress: 72.26%
[2025-04-15 05:56:14] Render progress: 75.37%
[2025-04-15 05:58:09] Render progress: 78.42%
[2025-04-15 06:00:04] Render progress: 81.48%
[2025-04-15 06:01:55] Render progress: 84.55%
[2025-04-15 06:03:45] Render progress: 87.59%
[2025-04-15 06:05:37] Render progress: 90.61%
[2025-04-15 06:07:31] Render progress: 93.68%
[2025-04-15 06:09:25] Render progress: 96.79%
[2025-04-15 06:11:17] Render progress: 99.85%
[2025-04-15 06:11:45] Render completed successfully
[2025-04-15 06:11:45] Setting up right eye render
[2025-04-15 06:11:45] Setting up render with dimensions 1920x1920
[2025-04-15 06:11:45] Render settings configured successfully
[2025-04-15 06:11:45] Right eye target: (-53.57515116938481, 194.40068469851548, 117.51748451025206)
[2025-04-15 06:11:45] Starting render to file: /Users/gravelbridge/Desktop/blairlab_fusion/dynamic/images/pos_1_1_South_right.png
[2025-04-15 06:12:28] Render initiated, waiting for completion
[2025-04-15 06:13:19] Render progress: 2.02%
[2025-04-15 06:15:00] Render progress: 5.09%
[2025-04-15 06:16:34] Render progress: 8.1%
[2025-04-15 06:18:14] Render progress: 11.21%
[2025-04-15 06:19:54] Render progress: 14.24%
[2025-04-15 06:21:43] Render progress: 17.25%
[2025-04-15 06:23:33] Render progress: 20.31%
[2025-04-15 06:25:23] Render progress: 23.34%
[2025-04-15 06:27:14] Render progress: 26.42%
[2025-04-15 06:29:01] Render progress: 29.46%
[2025-04-15 06:30:51] Render progress: 32.53%
[2025-04-15 06:32:41] Render progress: 35.55%
[2025-04-15 06:34:34] Render progress: 38.63%
[2025-04-15 06:36:21] Render progress: 41.7%
[2025-04-15 06:38:11] Render progress: 44.74%
[2025-04-15 06:40:02] Render progress: 47.8%
[2025-04-15 06:41:51] Render progress: 50.86%
[2025-04-15 06:43:39] Render progress: 53.92%
[2025-04-15 06:45:26] Render progress: 56.99%
[2025-04-15 06:47:14] Render progress: 60.05%
[2025-04-15 06:49:01] Render progress: 63.11%
[2025-04-15 06:50:54] Render progress: 66.15%
[2025-04-15 06:52:42] Render progress: 69.23%
[2025-04-15 06:54:34] Render progress: 72.3%
[2025-04-15 06:56:26] Render progress: 75.33%
[2025-04-15 06:58:18] Render progress: 78.43%
[2025-04-15 07:00:07] Render progress: 81.51%
[2025-04-15 07:01:54] Render progress: 84.52%
[2025-04-15 07:03:46] Render progress: 87.62%
[2025-04-15 07:05:38] Render progress: 90.69%
[2025-04-15 07:07:25] Render progress: 93.71%
[2025-04-15 07:09:13] Render progress: 96.82%
[2025-04-15 07:11:00] Render progress: 99.9%
[2025-04-15 07:11:22] Render completed successfully
[2025-04-15 07:11:22] Processing grid position (3, 2)
[2025-04-15 07:11:22] get_maze_coordinates(3, 2) called
[2025-04-15 07:11:22] Calculated coordinates for (3, 2): (26.132, 92.683, 33.577)
[2025-04-15 07:11:22] Position in cm: (66.37528, 235.41482000000002, 91.63557999999999)
[2025-04-15 07:11:22] Processing direction: East (heading=0)
[2025-04-15 07:11:22] Eye positions - Left: (66.37528, 236.04982, 91.63557999999999), Right: (66.37528, 234.77982000000003, 91.63557999999999)
[2025-04-15 07:11:22] Setting up left eye render
[2025-04-15 07:11:22] Setting up render with dimensions 1920x1920
[2025-04-15 07:11:22] Render settings configured successfully
[2025-04-15 07:11:22] Left eye target: (128.46379530148457, 309.40903116938483, 117.51748451025206)
[2025-04-15 07:11:22] Starting render to file: /Users/gravelbridge/Desktop/blairlab_fusion/dynamic/images/pos_3_2_East_left.png
[2025-04-15 07:12:05] Render initiated, waiting for completion
[2025-04-15 07:12:52] Render progress: 2.01%
[2025-04-15 07:14:29] Render progress: 5.07%
[2025-04-15 07:16:05] Render progress: 8.22%
[2025-04-15 07:17:40] Render progress: 11.23%
[2025-04-15 07:19:16] Render progress: 14.29%
[2025-04-15 07:20:57] Render progress: 17.32%
[2025-04-15 07:22:40] Render progress: 20.37%
[2025-04-15 07:24:24] Render progress: 23.44%
[2025-04-15 07:26:08] Render progress: 26.49%
[2025-04-15 07:27:49] Render progress: 29.55%
[2025-04-15 07:29:32] Render progress: 32.62%
[2025-04-15 07:31:16] Render progress: 35.69%
[2025-04-15 07:33:01] Render progress: 38.74%
[2025-04-15 07:34:44] Render progress: 41.78%
[2025-04-15 07:36:30] Render progress: 44.86%
[2025-04-15 07:38:16] Render progress: 47.9%
[2025-04-15 07:40:04] Render progress: 50.97%
[2025-04-15 07:41:51] Render progress: 54.01%
[2025-04-15 07:43:38] Render progress: 57.11%
[2025-04-15 07:45:26] Render progress: 60.16%
[2025-04-15 07:47:14] Render progress: 63.24%
[2025-04-15 07:49:01] Render progress: 66.29%
[2025-04-15 07:50:44] Render progress: 69.31%
[2025-04-15 07:52:29] Render progress: 72.42%
[2025-04-15 07:54:17] Render progress: 75.49%
[2025-04-15 07:56:04] Render progress: 78.54%
[2025-04-15 07:57:49] Render progress: 81.63%
[2025-04-15 07:59:37] Render progress: 84.67%
[2025-04-15 08:01:24] Render progress: 87.7%
[2025-04-15 08:03:11] Render progress: 90.81%
[2025-04-15 08:04:58] Render progress: 93.91%
[2025-04-15 08:06:38] Render progress: 96.96%
[2025-04-15 08:08:38] Render completed successfully
[2025-04-15 08:08:38] Setting up right eye render
[2025-04-15 08:08:38] Setting up render with dimensions 1920x1920
[2025-04-15 08:08:38] Render settings configured successfully
[2025-04-15 08:08:38] Right eye target: (128.46379530148457, 161.4206088306152, 117.51748451025206)
[2025-04-15 08:08:38] Starting render to file: /Users/gravelbridge/Desktop/blairlab_fusion/dynamic/images/pos_3_2_East_right.png
[2025-04-15 08:09:21] Render initiated, waiting for completion
[2025-04-15 08:10:11] Render progress: 2.02%
[2025-04-15 08:11:56] Render progress: 5.05%
[2025-04-15 08:13:36] Render progress: 8.05%
[2025-04-15 08:15:20] Render progress: 11.12%
[2025-04-15 08:17:07] Render progress: 14.23%
[2025-04-15 08:19:01] Render progress: 17.35%
[2025-04-15 08:20:53] Render progress: 20.36%
[2025-04-15 08:22:47] Render progress: 23.4%
[2025-04-15 08:24:42] Render progress: 26.42%
[2025-04-15 08:26:36] Render progress: 29.51%
[2025-04-15 08:28:29] Render progress: 32.58%
[2025-04-15 08:30:29] Render progress: 35.71%
[2025-04-15 08:32:27] Render progress: 38.86%
[2025-04-15 08:34:25] Render progress: 41.93%
[2025-04-15 08:36:16] Render progress: 44.95%
[2025-04-15 08:38:10] Render progress: 48.04%
[2025-04-15 08:40:09] Render progress: 51.17%
[2025-04-15 08:42:07] Render progress: 54.22%
[2025-04-15 08:43:57] Render progress: 57.28%
[2025-04-15 08:45:49] Render progress: 60.35%
[2025-04-15 08:47:42] Render progress: 63.5%
[2025-04-15 08:49:35] Render progress: 66.59%
[2025-04-15 08:51:31] Render progress: 69.72%
[2025-04-15 08:53:20] Render progress: 72.77%
[2025-04-15 08:55:13] Render progress: 75.82%
[2025-04-15 08:57:09] Render progress: 78.95%
[2025-04-15 08:59:03] Render progress: 82.08%
[2025-04-15 09:00:56] Render progress: 85.17%
[2025-04-15 09:02:46] Render progress: 88.19%
[2025-04-15 09:04:38] Render progress: 91.2%
[2025-04-15 09:06:32] Render progress: 94.32%
[2025-04-15 09:08:24] Render progress: 97.42%
[2025-04-15 09:10:18] Render completed successfully
[2025-04-15 09:10:18] Processing direction: North (heading=90)
[2025-04-15 09:10:18] Eye positions - Left: (65.74028, 235.41482000000002, 91.63557999999999), Right: (67.01028000000001, 235.41482000000002, 91.63557999999999)
[2025-04-15 09:10:18] Setting up left eye render
[2025-04-15 09:10:18] Setting up render with dimensions 1920x1920
[2025-04-15 09:10:18] Render settings configured successfully
[2025-04-15 09:10:18] Left eye target: (-7.618931169384794, 297.5033353014846, 117.51748451025206)
[2025-04-15 09:10:18] Starting render to file: /Users/gravelbridge/Desktop/blairlab_fusion/dynamic/images/pos_3_2_North_left.png
[2025-04-15 09:11:01] Render initiated, waiting for completion
[2025-04-15 09:11:49] Render progress: 2.05%
[2025-04-15 09:13:24] Render progress: 5.1%
[2025-04-15 09:15:00] Render progress: 8.22%
[2025-04-15 09:16:36] Render progress: 11.34%
[2025-04-15 09:18:11] Render progress: 14.37%
[2025-04-15 09:20:01] Render progress: 17.4%
[2025-04-15 09:21:58] Render progress: 20.44%
[2025-04-15 09:23:43] Render progress: 23.48%
[2025-04-15 09:25:26] Render progress: 26.51%
[2025-04-15 09:27:05] Render progress: 29.55%
[2025-04-15 09:28:46] Render progress: 32.58%
[2025-04-15 09:30:28] Render progress: 35.6%
[2025-04-15 09:32:11] Render progress: 38.65%
[2025-04-15 09:33:50] Render progress: 41.68%
[2025-04-15 09:35:31] Render progress: 44.71%
[2025-04-15 09:37:13] Render progress: 47.77%
[2025-04-15 09:38:55] Render progress: 50.82%
[2025-04-15 09:40:38] Render progress: 53.87%
[2025-04-15 09:42:18] Render progress: 56.88%
[2025-04-15 09:44:01] Render progress: 59.96%
[2025-04-15 09:45:43] Render progress: 63.0%
[2025-04-15 09:47:27] Render progress: 66.06%
[2025-04-15 09:49:07] Render progress: 69.1%
[2025-04-15 09:50:48] Render progress: 72.11%
[2025-04-15 09:52:32] Render progress: 75.17%
[2025-04-15 09:54:16] Render progress: 78.22%
[2025-04-15 09:55:56] Render progress: 81.26%
[2025-04-15 09:57:38] Render progress: 84.33%
[2025-04-15 09:59:20] Render progress: 87.37%
[2025-04-15 10:01:04] Render progress: 90.38%
[2025-04-15 10:02:46] Render progress: 93.4%
[2025-04-15 10:04:28] Render progress: 96.49%
[2025-04-15 10:06:10] Render progress: 99.55%
[2025-04-15 10:06:45] Render completed successfully
[2025-04-15 10:06:45] Setting up right eye render
[2025-04-15 10:06:45] Setting up render with dimensions 1920x1920
[2025-04-15 10:06:45] Render settings configured successfully
[2025-04-15 10:06:45] Right eye target: (140.36949116938482, 297.5033353014846, 117.51748451025206)
[2025-04-15 10:06:45] Starting render to file: /Users/gravelbridge/Desktop/blairlab_fusion/dynamic/images/pos_3_2_North_right.png
[2025-04-15 10:07:28] Render initiated, waiting for completion
[2025-04-15 10:08:16] Render progress: 2.02%
[2025-04-15 10:09:51] Render progress: 5.08%
[2025-04-15 10:11:23] Render progress: 8.09%
[2025-04-15 10:12:57] Render progress: 11.11%
[2025-04-15 10:14:32] Render progress: 14.15%
[2025-04-15 10:16:13] Render progress: 17.2%
[2025-04-15 10:17:55] Render progress: 20.26%
[2025-04-15 10:19:39] Render progress: 23.32%
[2025-04-15 10:21:23] Render progress: 26.38%
[2025-04-15 10:23:03] Render progress: 29.44%
[2025-04-15 10:24:45] Render progress: 32.49%
[2025-04-15 10:26:28] Render progress: 35.54%
[2025-04-15 10:28:12] Render progress: 38.59%
[2025-04-15 10:29:53] Render progress: 41.64%
[2025-04-15 10:31:34] Render progress: 44.68%
[2025-04-15 10:33:18] Render progress: 47.76%
[2025-04-15 10:35:01] Render progress: 50.8%
[2025-04-15 10:36:45] Render progress: 53.86%
[2025-04-15 10:38:26] Render progress: 56.91%
[2025-04-15 10:40:15] Render progress: 60.02%
[2025-04-15 10:41:58] Render progress: 63.06%
[2025-04-15 10:43:44] Render progress: 66.15%
[2025-04-15 10:45:24] Render progress: 69.19%
[2025-04-15 10:47:06] Render progress: 72.22%
[2025-04-15 10:48:50] Render progress: 75.33%
[2025-04-15 10:50:34] Render progress: 78.39%
[2025-04-15 10:52:20] Render progress: 81.45%
[2025-04-15 10:54:03] Render progress: 84.53%
[2025-04-15 10:55:46] Render progress: 87.57%
[2025-04-15 10:57:29] Render progress: 90.61%
[2025-04-15 10:59:20] Render progress: 93.72%
[2025-04-15 11:01:04] Render progress: 96.82%
[2025-04-15 11:02:49] Render progress: 99.87%
[2025-04-15 11:03:11] Render completed successfully
[2025-04-15 11:03:11] Processing direction: West (heading=180)
[2025-04-15 11:03:11] Eye positions - Left: (66.37528, 234.77982000000003, 91.63557999999999), Right: (66.37528, 236.04982, 91.63557999999999)
[2025-04-15 11:03:11] Setting up left eye render
[2025-04-15 11:03:11] Setting up render with dimensions 1920x1920
[2025-04-15 11:03:11] Render settings configured successfully
[2025-04-15 11:03:11] Left eye target: (4.2867646985154195, 161.4206088306152, 117.51748451025206)
[2025-04-15 11:03:11] Starting render to file: /Users/gravelbridge/Desktop/blairlab_fusion/dynamic/images/pos_3_2_West_left.png
[2025-04-15 11:03:56] Render initiated, waiting for completion
[2025-04-15 11:04:46] Render progress: 2.01%
[2025-04-15 11:06:27] Render progress: 5.04%
[2025-04-15 11:08:10] Render progress: 8.16%
[2025-04-15 11:09:54] Render progress: 11.22%
[2025-04-15 11:11:39] Render progress: 14.27%
[2025-04-15 11:13:29] Render progress: 17.32%
[2025-04-15 11:15:25] Render progress: 20.39%
[2025-04-15 11:17:25] Render progress: 23.49%
[2025-04-15 11:19:23] Render progress: 26.54%
[2025-04-15 11:21:26] Render progress: 29.66%
[2025-04-15 11:23:24] Render progress: 32.75%
[2025-04-15 11:25:23] Render progress: 35.81%
[2025-04-15 11:27:19] Render progress: 38.92%
[2025-04-15 11:29:14] Render progress: 42.0%
[2025-04-15 11:31:17] Render progress: 45.05%
[2025-04-15 11:33:12] Render progress: 48.16%
[2025-04-15 11:35:07] Render progress: 51.28%
[2025-04-15 11:37:01] Render progress: 54.36%
[2025-04-15 11:38:51] Render progress: 57.43%
[2025-04-15 11:40:42] Render progress: 60.56%
[2025-04-15 11:42:33] Render progress: 63.65%
[2025-04-15 11:44:25] Render progress: 66.77%
[2025-04-15 11:46:15] Render progress: 69.86%
[2025-04-15 11:48:06] Render progress: 72.91%
[2025-04-15 11:49:54] Render progress: 75.93%
[2025-04-15 11:51:46] Render progress: 79.02%
[2025-04-15 11:53:36] Render progress: 82.11%
[2025-04-15 11:55:21] Render progress: 85.13%
[2025-04-15 11:57:14] Render progress: 88.23%
[2025-04-15 11:59:06] Render progress: 91.29%
[2025-04-15 12:01:04] Render progress: 94.42%
[2025-04-15 12:02:58] Render progress: 97.57%
[2025-04-15 12:04:44] Render completed successfully
[2025-04-15 12:04:44] Setting up right eye render
[2025-04-15 12:04:44] Setting up render with dimensions 1920x1920
[2025-04-15 12:04:45] Render settings configured successfully
[2025-04-15 12:04:45] Right eye target: (4.286764698515434, 309.40903116938483, 117.51748451025206)
[2025-04-15 12:04:45] Starting render to file: /Users/gravelbridge/Desktop/blairlab_fusion/dynamic/images/pos_3_2_West_right.png
[2025-04-15 12:05:27] Render initiated, waiting for completion
[2025-04-15 12:06:20] Render progress: 2.1%
[2025-04-15 12:07:55] Render progress: 5.2%
[2025-04-15 12:09:30] Render progress: 8.34%
[2025-04-15 12:11:16] Render progress: 11.47%
[2025-04-15 12:13:03] Render progress: 14.59%
[2025-04-15 12:14:47] Render progress: 17.63%
[2025-04-15 12:16:38] Render progress: 20.78%
[2025-04-15 12:18:26] Render progress: 23.81%
[2025-04-15 12:20:13] Render progress: 26.84%
[2025-04-15 12:21:53] Render progress: 29.87%
[2025-04-15 12:23:35] Render progress: 32.92%
[2025-04-15 12:25:19] Render progress: 35.96%
[2025-04-15 12:27:02] Render progress: 38.99%
[2025-04-15 12:28:44] Render progress: 42.01%
[2025-04-15 12:30:26] Render progress: 45.05%
[2025-04-15 12:32:07] Render progress: 48.08%
[2025-04-15 12:33:52] Render progress: 51.13%
[2025-04-15 12:35:35] Render progress: 54.15%
[2025-04-15 12:37:17] Render progress: 57.21%
[2025-04-15 12:39:00] Render progress: 60.26%
[2025-04-15 12:40:44] Render progress: 63.33%
[2025-04-15 12:42:29] Render progress: 66.36%
[2025-04-15 12:44:12] Render progress: 69.37%
[2025-04-15 12:45:54] Render progress: 72.43%
[2025-04-15 12:47:37] Render progress: 75.48%
[2025-04-15 12:49:21] Render progress: 78.52%
[2025-04-15 12:51:03] Render progress: 81.59%
[2025-04-15 12:52:44] Render progress: 84.62%
[2025-04-15 12:54:27] Render progress: 87.64%
[2025-04-15 12:56:12] Render progress: 90.71%
[2025-04-15 12:57:55] Render progress: 93.77%
[2025-04-15 12:59:35] Render progress: 96.8%
[2025-04-15 13:01:19] Render progress: 99.87%
[2025-04-15 13:01:40] Render completed successfully
[2025-04-15 13:01:40] Processing direction: South (heading=270)
[2025-04-15 13:01:40] Eye positions - Left: (67.01028000000001, 235.41482000000002, 91.63557999999999), Right: (65.74028, 235.41482000000002, 91.63557999999999)
[2025-04-15 13:01:40] Setting up left eye render
[2025-04-15 13:01:40] Setting up render with dimensions 1920x1920
[2025-04-15 13:01:40] Render settings configured successfully
[2025-04-15 13:01:40] Left eye target: (140.3694911693848, 173.32630469851543, 117.51748451025206)
[2025-04-15 13:01:40] Starting render to file: /Users/gravelbridge/Desktop/blairlab_fusion/dynamic/images/pos_3_2_South_left.png
[2025-04-15 13:02:23] Render initiated, waiting for completion
[2025-04-15 13:03:12] Render progress: 2.01%
[2025-04-15 13:04:56] Render progress: 5.09%
[2025-04-15 13:06:36] Render progress: 8.11%
[2025-04-15 13:08:30] Render progress: 11.24%
[2025-04-15 13:10:16] Render progress: 14.27%
[2025-04-15 13:12:07] Render progress: 17.3%
[2025-04-15 13:14:00] Render progress: 20.35%
[2025-04-15 13:15:56] Render progress: 23.41%
[2025-04-15 13:17:51] Render progress: 26.43%
[2025-04-15 13:19:40] Render progress: 29.49%
[2025-04-15 13:21:28] Render progress: 32.53%
[2025-04-15 13:23:17] Render progress: 35.59%
[2025-04-15 13:25:08] Render progress: 38.67%
[2025-04-15 13:27:02] Render progress: 41.77%
[2025-04-15 13:28:53] Render progress: 44.88%
[2025-04-15 13:30:41] Render progress: 47.95%
[2025-04-15 13:32:34] Render progress: 51.07%
[2025-04-15 13:34:27] Render progress: 54.18%
[2025-04-15 13:36:16] Render progress: 57.21%
[2025-04-15 13:38:03] Render progress: 60.23%
[2025-04-15 13:39:50] Render progress: 63.32%
[2025-04-15 13:41:44] Render progress: 66.45%
[2025-04-15 13:43:38] Render progress: 69.57%
[2025-04-15 13:45:27] Render progress: 72.7%
[2025-04-15 13:47:12] Render progress: 75.71%
[2025-04-15 13:48:59] Render progress: 78.74%
[2025-04-15 13:50:47] Render progress: 81.77%
[2025-04-15 13:52:43] Render progress: 84.91%
[2025-04-15 13:54:29] Render progress: 87.93%
[2025-04-15 13:56:18] Render progress: 90.96%
[2025-04-15 13:58:09] Render progress: 94.01%
[2025-04-15 13:59:58] Render progress: 97.07%
[2025-04-15 14:01:59] Render completed successfully
[2025-04-15 14:01:59] Setting up right eye render
[2025-04-15 14:01:59] Setting up render with dimensions 1920x1920
[2025-04-15 14:01:59] Render settings configured successfully
[2025-04-15 14:01:59] Right eye target: (-7.618931169384808, 173.32630469851546, 117.51748451025206)
[2025-04-15 14:01:59] Starting render to file: /Users/gravelbridge/Desktop/blairlab_fusion/dynamic/images/pos_3_2_South_right.png
[2025-04-15 14:02:42] Render initiated, waiting for completion
[2025-04-15 14:03:32] Render progress: 2.03%
[2025-04-15 14:05:19] Render progress: 5.07%
[2025-04-15 14:07:02] Render progress: 8.2%
[2025-04-15 14:08:48] Render progress: 11.33%
[2025-04-15 14:10:33] Render progress: 14.37%
[2025-04-15 14:12:22] Render progress: 17.44%
[2025-04-15 14:14:12] Render progress: 20.5%
[2025-04-15 14:16:06] Render progress: 23.53%
[2025-04-15 14:17:57] Render progress: 26.61%
[2025-04-15 14:19:46] Render progress: 29.69%
[2025-04-15 14:21:37] Render progress: 32.78%
[2025-04-15 14:23:28] Render progress: 35.85%
[2025-04-15 14:25:21] Render progress: 38.9%
[2025-04-15 14:27:12] Render progress: 42.0%
[2025-04-15 14:29:00] Render progress: 45.07%
[2025-04-15 14:30:52] Render progress: 48.16%
[2025-04-15 14:32:48] Render progress: 51.25%
[2025-04-15 14:34:41] Render progress: 54.37%
[2025-04-15 14:36:29] Render progress: 57.44%
[2025-04-15 14:38:20] Render progress: 60.54%
[2025-04-15 14:40:14] Render progress: 63.61%
[2025-04-15 14:42:09] Render progress: 66.74%
[2025-04-15 14:43:59] Render progress: 69.86%
[2025-04-15 14:45:48] Render progress: 72.93%
[2025-04-15 14:47:39] Render progress: 76.03%
[2025-04-15 14:49:33] Render progress: 79.12%
[2025-04-15 14:51:24] Render progress: 82.2%
[2025-04-15 14:53:18] Render progress: 85.34%
[2025-04-15 14:55:15] Render progress: 88.47%
[2025-04-15 14:57:16] Render progress: 91.52%
[2025-04-15 14:59:09] Render progress: 94.61%
[2025-04-15 15:01:03] Render progress: 97.73%
[2025-04-15 15:02:50] Render completed successfully
[2025-04-15 15:02:50] Processing grid position (4, 2)
[2025-04-15 15:02:50] get_maze_coordinates(4, 2) called
[2025-04-15 15:02:50] Calculated coordinates for (4, 2): (35.927, 92.683, 33.577)
[2025-04-15 15:02:50] Position in cm: (91.25458, 235.41482000000002, 91.63557999999999)
[2025-04-15 15:02:50] Processing direction: East (heading=0)
[2025-04-15 15:02:50] Eye positions - Left: (91.25458, 236.04982, 91.63557999999999), Right: (91.25458, 234.77982000000003, 91.63557999999999)
[2025-04-15 15:02:50] Setting up left eye render
[2025-04-15 15:02:50] Setting up render with dimensions 1920x1920
[2025-04-15 15:02:50] Render settings configured successfully
[2025-04-15 15:02:50] Left eye target: (153.34309530148457, 309.40903116938483, 117.51748451025206)
[2025-04-15 15:02:50] Starting render to file: /Users/gravelbridge/Desktop/blairlab_fusion/dynamic/images/pos_4_2_East_left.png
[2025-04-15 15:03:34] Render initiated, waiting for completion
[2025-04-15 15:04:20] Render progress: 2.01%
[2025-04-15 15:05:53] Render progress: 5.05%
[2025-04-15 15:07:27] Render progress: 8.14%
[2025-04-15 15:09:01] Render progress: 11.18%
[2025-04-15 15:10:36] Render progress: 14.2%
[2025-04-15 15:12:15] Render progress: 17.23%
[2025-04-15 15:13:56] Render progress: 20.27%
[2025-04-15 15:15:44] Render progress: 23.41%
[2025-04-15 15:17:28] Render progress: 26.46%
[2025-04-15 15:19:08] Render progress: 29.49%
[2025-04-15 15:20:49] Render progress: 32.52%
[2025-04-15 15:22:31] Render progress: 35.56%
[2025-04-15 15:24:15] Render progress: 38.62%
[2025-04-15 15:25:57] Render progress: 41.66%
[2025-04-15 15:27:37] Render progress: 44.7%
[2025-04-15 15:29:19] Render progress: 47.76%
[2025-04-15 15:31:01] Render progress: 50.79%
[2025-04-15 15:32:45] Render progress: 53.87%
[2025-04-15 15:34:24] Render progress: 56.91%
[2025-04-15 15:36:05] Render progress: 59.98%
[2025-04-15 15:37:48] Render progress: 63.01%
[2025-04-15 15:39:31] Render progress: 66.05%
[2025-04-15 15:41:15] Render progress: 69.15%
[2025-04-15 15:42:56] Render progress: 72.2%
[2025-04-15 15:44:38] Render progress: 75.28%
[2025-04-15 15:46:22] Render progress: 78.32%
[2025-04-15 15:48:07] Render progress: 81.33%
[2025-04-15 15:49:48] Render progress: 84.41%
[2025-04-15 15:51:30] Render progress: 87.51%
[2025-04-15 15:53:12] Render progress: 90.56%
[2025-04-15 15:54:56] Render progress: 93.65%
[2025-04-15 15:56:42] Render progress: 96.7%
[2025-04-15 15:58:23] Render progress: 99.73%
[2025-04-15 15:58:33] Render progress: 100.0%
[2025-04-15 15:58:33] Render progress: 100.0%
[2025-04-15 15:58:34] Render progress: 100.0%
[2025-04-15 15:58:34] Render progress: 100.0%
[2025-04-15 15:58:35] Render progress: 100.0%
[2025-04-15 15:58:35] Render progress: 100.0%
[2025-04-15 15:58:36] Render progress: 100.0%
[2025-04-15 15:58:36] Render progress: 100.0%
[2025-04-15 15:58:37] Render progress: 100.0%
[2025-04-15 15:58:37] Render progress: 100.0%
[2025-04-15 15:58:38] Render progress: 100.0%
[2025-04-15 15:58:38] Render progress: 100.0%
[2025-04-15 15:58:39] Render progress: 100.0%
[2025-04-15 15:58:39] Render progress: 100.0%
[2025-04-15 15:58:40] Render progress: 100.0%
[2025-04-15 15:58:40] Render progress: 100.0%
[2025-04-15 15:58:41] Render progress: 100.0%
[2025-04-15 15:58:42] Render progress: 100.0%
[2025-04-15 15:58:42] Render progress: 100.0%
[2025-04-15 15:58:43] Render progress: 100.0%
[2025-04-15 15:58:43] Render progress: 100.0%
[2025-04-15 15:58:44] Render progress: 100.0%
[2025-04-15 15:58:44] Render progress: 100.0%
[2025-04-15 15:58:45] Render progress: 100.0%
[2025-04-15 15:58:45] Render progress: 100.0%
[2025-04-15 15:58:46] Render progress: 100.0%
[2025-04-15 15:58:46] Render progress: 100.0%
[2025-04-15 15:58:47] Render progress: 100.0%
[2025-04-15 15:58:47] Render progress: 100.0%
[2025-04-15 15:58:48] Render progress: 100.0%
[2025-04-15 15:58:48] Render progress: 100.0%
[2025-04-15 15:58:49] Render progress: 100.0%
[2025-04-15 15:58:49] Render progress: 100.0%
[2025-04-15 15:58:50] Render progress: 100.0%
[2025-04-15 15:58:50] Render progress: 100.0%
[2025-04-15 15:58:51] Render progress: 100.0%
[2025-04-15 15:58:51] Render progress: 100.0%
[2025-04-15 15:58:52] Render progress: 100.0%
[2025-04-15 15:58:52] Render progress: 100.0%
[2025-04-15 15:58:53] Render progress: 100.0%
[2025-04-15 15:58:53] Render progress: 100.0%
[2025-04-15 15:58:54] Render progress: 100.0%
[2025-04-15 15:58:54] Render completed successfully
[2025-04-15 15:58:54] Setting up right eye render
[2025-04-15 15:58:54] Setting up render with dimensions 1920x1920
[2025-04-15 15:58:54] Render settings configured successfully
[2025-04-15 15:58:54] Right eye target: (153.34309530148457, 161.4206088306152, 117.51748451025206)
[2025-04-15 15:58:54] Starting render to file: /Users/gravelbridge/Desktop/blairlab_fusion/dynamic/images/pos_4_2_East_right.png
[2025-04-15 15:59:39] Render initiated, waiting for completion
[2025-04-15 16:00:29] Render progress: 2.01%
[2025-04-15 16:02:13] Render progress: 5.16%
[2025-04-15 16:03:52] Render progress: 8.18%
[2025-04-15 16:05:31] Render progress: 11.21%
[2025-04-15 16:07:14] Render progress: 14.29%
[2025-04-15 16:09:03] Render progress: 17.43%
[2025-04-15 16:10:52] Render progress: 20.5%
[2025-04-15 16:12:42] Render progress: 23.58%
[2025-04-15 16:14:34] Render progress: 26.7%
[2025-04-15 16:16:23] Render progress: 29.78%
[2025-04-15 16:18:10] Render progress: 32.87%
[2025-04-15 16:19:59] Render progress: 35.94%
[2025-04-15 16:21:50] Render progress: 39.0%
[2025-04-15 16:23:41] Render progress: 42.13%
[2025-04-15 16:25:28] Render progress: 45.2%
[2025-04-15 16:27:20] Render progress: 48.34%
[2025-04-15 16:29:10] Render progress: 51.36%
[2025-04-15 16:30:58] Render progress: 54.37%
[2025-04-15 16:32:48] Render progress: 57.43%
[2025-04-15 16:34:43] Render progress: 60.57%
[2025-04-15 16:36:42] Render progress: 63.71%
[2025-04-15 16:38:38] Render progress: 66.76%
[2025-04-15 16:40:37] Render progress: 69.9%
[2025-04-15 16:42:29] Render progress: 72.93%
[2025-04-15 16:44:21] Render progress: 76.05%
[2025-04-15 16:46:14] Render progress: 79.19%
[2025-04-15 16:48:06] Render progress: 82.3%
[2025-04-15 16:49:55] Render progress: 85.31%
[2025-04-15 16:51:44] Render progress: 88.47%
[2025-04-15 16:53:32] Render progress: 91.5%
[2025-04-15 16:55:21] Render progress: 94.51%
[2025-04-15 16:57:14] Render progress: 97.66%
[2025-04-15 16:58:59] Render completed successfully
[2025-04-15 16:58:59] Processing direction: North (heading=90)
[2025-04-15 16:58:59] Eye positions - Left: (90.61958, 235.41482000000002, 91.63557999999999), Right: (91.88958000000001, 235.41482000000002, 91.63557999999999)
[2025-04-15 16:58:59] Setting up left eye render
[2025-04-15 16:58:59] Setting up render with dimensions 1920x1920
[2025-04-15 16:58:59] Render settings configured successfully
[2025-04-15 16:58:59] Left eye target: (17.260368830615207, 297.5033353014846, 117.51748451025206)
[2025-04-15 16:58:59] Starting render to file: /Users/gravelbridge/Desktop/blairlab_fusion/dynamic/images/pos_4_2_North_left.png
[2025-04-15 16:59:42] Render initiated, waiting for completion
[2025-04-15 17:00:30] Render progress: 2.03%
[2025-04-15 17:02:06] Render progress: 5.16%
[2025-04-15 17:03:40] Render progress: 8.27%
[2025-04-15 17:05:16] Render progress: 11.4%
[2025-04-15 17:06:51] Render progress: 14.42%
[2025-04-15 17:08:34] Render progress: 17.44%
[2025-04-15 17:10:25] Render progress: 20.58%
[2025-04-15 17:12:07] Render progress: 23.6%
[2025-04-15 17:13:50] Render progress: 26.63%
[2025-04-15 17:15:29] Render progress: 29.67%
[2025-04-15 17:17:14] Render progress: 32.81%
[2025-04-15 17:18:57] Render progress: 35.83%
[2025-04-15 17:20:49] Render progress: 38.86%
[2025-04-15 17:22:34] Render progress: 41.89%
[2025-04-15 17:23:42] ERROR in perform_render: 3 : Error getting render information, render job doesn't exist.
Traceback (most recent call last):
  File "/Users/gravelbridge/Desktop/blairlab_fusion/dynamic/grid_images.py", line 256, in perform_render
    while render_future.renderState == adsk.fusion.LocalRenderStates.ProcessingLocalRenderState or render_future.renderState == adsk.fusion.LocalRenderStates.QueuedLocalRenderState:
          ^^^^^^^^^^^^^^^^^^^^^^^^^
  File "/Users/gravelbridge/Library/Application Support/Autodesk/webdeploy/production/8dc608cd601e7375d9f218e0a8266e0d8f92be49/Autodesk Fusion.app/Contents/Api/Python/packages/adsk/fusion.py", line 43042, in _get_renderState
    return _fusion.RenderFuture__get_renderState(self)
           ^^^^^^^^^^^^^^^^^^^^^^^^^^^^^^^^^^^^^^^^^^^
RuntimeError: 3 : Error getting render information, render job doesn't exist.

